<?xml version="1.0" encoding="UTF-8"?>
<!-- Generated by org.testng.reporters.JUnitXMLReporter -->
<testsuite hostname="Lenovo-PC" name="Test" tests="3" failures="0" timestamp="6 Dec 2019 20:17:07 GMT" time="0.129" errors="0">
  <testcase name="test2" time="0.037" classname="TestNGDependencies.TestNGDependenciesDemo"/>
  <testcase name="test3" time="0.013" classname="TestNGDependencies.TestNGDependenciesDemo"/>
  <testcase name="test1" time="0.006" classname="TestNGDependencies.TestNGDependenciesDemo"/>
</testsuite> <!-- Test -->
